<?xml version="1.0" encoding="UTF-8"?>
<!-- Generated by org.testng.reporters.JUnitReportReporter -->
<testsuite hostname="QT-INNO-LT0043" failures="0" tests="1" name="tests.Login_Tests" time="1007.375" errors="0" timestamp="22 Jun 2021 06:40:16 GMT" skipped="0">
  <testcase classname="tests.Login_Tests" name="Test1_Verify_Login_Page_Accessible_From_Landing" time="1007.375"/>
</testsuite> <!-- tests.Login_Tests -->
